{"uuid":"70345d0d-5d19-451e-91b2-42840975a542","historyId":"a925a43fd6fcd370e2b5d9842afe2937","fullName":"FinalProject.Test.CustomerTest.testOpenCustomer","labels":[{"name":"package","value":"FinalProject.Test.CustomerTest"},{"name":"testClass","value":"FinalProject.Test.CustomerTest"},{"name":"testMethod","value":"testOpenCustomer"},{"name":"parentSuite","value":"Default Suite"},{"name":"suite","value":"FinalProjectSourseSelenium042023"},{"name":"subSuite","value":"FinalProject.Test.CustomerTest"},{"name":"host","value":"Xus-MacBook-Pro.local"},{"name":"thread","value":"44026@Xus-MacBook-Pro.local.main(1)"},{"name":"framework","value":"testng"},{"name":"language","value":"java"}],"links":[],"name":"testOpenCustomer","status":"broken","statusDetails":{"known":false,"muted":false,"flaky":false,"message":"Keys to send should be a not null CharSequence","trace":"java.lang.IllegalArgumentException: Keys to send should be a not null CharSequence\n\tat org.openqa.selenium.remote.RemoteWebElement.sendKeys(RemoteWebElement.java:96)\n\tat keywords.WebUI.setText(WebUI.java:139)\n\tat FinalProject.Page.LoginPage.setEmail(LoginPage.java:28)\n\tat FinalProject.Page.LoginPage.loginCRM(LoginPage.java:71)\n\tat FinalProject.Test.CustomerTest.testOpenCustomer(CustomerTest.java:21)\n\tat java.base/jdk.internal.reflect.NativeMethodAccessorImpl.invoke0(Native Method)\n\tat java.base/jdk.internal.reflect.NativeMethodAccessorImpl.invoke(NativeMethodAccessorImpl.java:62)\n\tat java.base/jdk.internal.reflect.DelegatingMethodAccessorImpl.invoke(DelegatingMethodAccessorImpl.java:43)\n\tat java.base/java.lang.reflect.Method.invoke(Method.java:566)\n\tat org.testng.internal.MethodInvocationHelper.invokeMethod(MethodInvocationHelper.java:133)\n\tat org.testng.internal.TestInvoker.invokeMethod(TestInvoker.java:598)\n\tat org.testng.internal.TestInvoker.invokeTestMethod(TestInvoker.java:173)\n\tat org.testng.internal.MethodRunner.runInSequence(MethodRunner.java:46)\n\tat org.testng.internal.TestInvoker$MethodInvocationAgent.invoke(TestInvoker.java:824)\n\tat org.testng.internal.TestInvoker.invokeTestMethods(TestInvoker.java:146)\n\tat org.testng.internal.TestMethodWorker.invokeTestMethods(TestMethodWorker.java:146)\n\tat org.testng.internal.TestMethodWorker.run(TestMethodWorker.java:128)\n\tat java.base/java.util.ArrayList.forEach(ArrayList.java:1541)\n\tat org.testng.TestRunner.privateRun(TestRunner.java:794)\n\tat org.testng.TestRunner.run(TestRunner.java:596)\n\tat org.testng.SuiteRunner.runTest(SuiteRunner.java:377)\n\tat org.testng.SuiteRunner.runSequentially(SuiteRunner.java:371)\n\tat org.testng.SuiteRunner.privateRun(SuiteRunner.java:332)\n\tat org.testng.SuiteRunner.run(SuiteRunner.java:276)\n\tat org.testng.SuiteRunnerWorker.runSuite(SuiteRunnerWorker.java:53)\n\tat org.testng.SuiteRunnerWorker.run(SuiteRunnerWorker.java:96)\n\tat org.testng.TestNG.runSuitesSequentially(TestNG.java:1212)\n\tat org.testng.TestNG.runSuitesLocally(TestNG.java:1134)\n\tat org.testng.TestNG.runSuites(TestNG.java:1063)\n\tat org.testng.TestNG.run(TestNG.java:1031)\n\tat com.intellij.rt.testng.IDEARemoteTestNG.run(IDEARemoteTestNG.java:66)\n\tat com.intellij.rt.testng.RemoteTestNGStarter.main(RemoteTestNGStarter.java:105)\n"},"stage":"finished","steps":[{"name":"Open URL: https://crm.anhtester.com/admin/authentication","status":"passed","stage":"finished","steps":[],"attachments":[],"parameters":[{"name":"url","value":"https://crm.anhtester.com/admin/authentication"}],"start":1710481567777,"stop":1710481568319},{"name":"Set text: By.xpath: //input[@id ='email'] on input null","status":"broken","statusDetails":{"known":false,"muted":false,"flaky":false,"message":"Keys to send should be a not null CharSequence","trace":"java.lang.IllegalArgumentException: Keys to send should be a not null CharSequence\n\tat org.openqa.selenium.remote.RemoteWebElement.sendKeys(RemoteWebElement.java:96)\n\tat keywords.WebUI.setText(WebUI.java:139)\n\tat FinalProject.Page.LoginPage.setEmail(LoginPage.java:28)\n\tat FinalProject.Page.LoginPage.loginCRM(LoginPage.java:71)\n\tat FinalProject.Test.CustomerTest.testOpenCustomer(CustomerTest.java:21)\n\tat java.base/jdk.internal.reflect.NativeMethodAccessorImpl.invoke0(Native Method)\n\tat java.base/jdk.internal.reflect.NativeMethodAccessorImpl.invoke(NativeMethodAccessorImpl.java:62)\n\tat java.base/jdk.internal.reflect.DelegatingMethodAccessorImpl.invoke(DelegatingMethodAccessorImpl.java:43)\n\tat java.base/java.lang.reflect.Method.invoke(Method.java:566)\n\tat org.testng.internal.MethodInvocationHelper.invokeMethod(MethodInvocationHelper.java:133)\n\tat org.testng.internal.TestInvoker.invokeMethod(TestInvoker.java:598)\n\tat org.testng.internal.TestInvoker.invokeTestMethod(TestInvoker.java:173)\n\tat org.testng.internal.MethodRunner.runInSequence(MethodRunner.java:46)\n\tat org.testng.internal.TestInvoker$MethodInvocationAgent.invoke(TestInvoker.java:824)\n\tat org.testng.internal.TestInvoker.invokeTestMethods(TestInvoker.java:146)\n\tat org.testng.internal.TestMethodWorker.invokeTestMethods(TestMethodWorker.java:146)\n\tat org.testng.internal.TestMethodWorker.run(TestMethodWorker.java:128)\n\tat java.base/java.util.ArrayList.forEach(ArrayList.java:1541)\n\tat org.testng.TestRunner.privateRun(TestRunner.java:794)\n\tat org.testng.TestRunner.run(TestRunner.java:596)\n\tat org.testng.SuiteRunner.runTest(SuiteRunner.java:377)\n\tat org.testng.SuiteRunner.runSequentially(SuiteRunner.java:371)\n\tat org.testng.SuiteRunner.privateRun(SuiteRunner.java:332)\n\tat org.testng.SuiteRunner.run(SuiteRunner.java:276)\n\tat org.testng.SuiteRunnerWorker.runSuite(SuiteRunnerWorker.java:53)\n\tat org.testng.SuiteRunnerWorker.run(SuiteRunnerWorker.java:96)\n\tat org.testng.TestNG.runSuitesSequentially(TestNG.java:1212)\n\tat org.testng.TestNG.runSuitesLocally(TestNG.java:1134)\n\tat org.testng.TestNG.runSuites(TestNG.java:1063)\n\tat org.testng.TestNG.run(TestNG.java:1031)\n\tat com.intellij.rt.testng.IDEARemoteTestNG.run(IDEARemoteTestNG.java:66)\n\tat com.intellij.rt.testng.RemoteTestNGStarter.main(RemoteTestNGStarter.java:105)\n"},"stage":"finished","steps":[{"name":"Timeout waiting for the element Visible By.xpath: //input[@id ='email']","status":"passed","stage":"finished","steps":[],"attachments":[],"parameters":[{"name":"by","value":"By.xpath: //input[@id ='email']"}],"start":1710481568341,"stop":1710481568371}],"attachments":[],"parameters":[{"name":"by","value":"By.xpath: //input[@id ='email']"},{"name":"text","value":"null"}],"start":1710481568341,"stop":1710481568378}],"attachments":[{"name":"Page screenshot","source":"51afced7-71e0-44aa-b840-05e66ecb5d72-attachment","type":"image/png"}],"parameters":[],"start":1710481567689,"stop":1710481568705}